  CameraFeature.cpp
D:\IKapLibrary\Include\IKapC.h(1,1): warning C4819: 该文件包含不能在当前代码页(936)中表示的字符。请将该文件保存为 Unicode 格式以防止数据丢失
  (编译源文件“CameraFeature.cpp”)
  
D:\IKapLibrary\Include\IKapCDef.h(1,1): warning C4819: 该文件包含不能在当前代码页(936)中表示的字符。请将该文件保存为 Unicode 格式以防止数据丢失
  (编译源文件“CameraFeature.cpp”)
  
D:\IKapLibrary\Include\IKapCStat.h(1,1): warning C4819: 该文件包含不能在当前代码页(936)中表示的字符。请将该文件保存为 Unicode 格式以防止数据丢失
  (编译源文件“CameraFeature.cpp”)
  
D:\IKapLibrary\Include\IKapCType.h(1,1): warning C4819: 该文件包含不能在当前代码页(936)中表示的字符。请将该文件保存为 Unicode 格式以防止数据丢失
  (编译源文件“CameraFeature.cpp”)
  
D:\IKapLibrary\Include\IKapCDef.h(1034,1): warning C4819: 该文件包含不能在当前代码页(936)中表示的字符。请将该文件保存为 Unicode 格式以防止数据丢失
  (编译源文件“CameraFeature.cpp”)
  
D:\IKapLibrary\Include\IKapCDef.h(1918,1): warning C4819: 该文件包含不能在当前代码页(936)中表示的字符。请将该文件保存为 Unicode 格式以防止数据丢失
  (编译源文件“CameraFeature.cpp”)
  
D:\IKapLibrary\Include\IKapCDef.h(2854,1): warning C4819: 该文件包含不能在当前代码页(936)中表示的字符。请将该文件保存为 Unicode 格式以防止数据丢失
  (编译源文件“CameraFeature.cpp”)
  
D:\IKapLibrary\Include\IKapCDef.h(3859,1): warning C4819: 该文件包含不能在当前代码页(936)中表示的字符。请将该文件保存为 Unicode 格式以防止数据丢失
  (编译源文件“CameraFeature.cpp”)
  
D:\IKapLibrary\Include\IKapCDeprecated.h(1,1): warning C4819: 该文件包含不能在当前代码页(936)中表示的字符。请将该文件保存为 Unicode 格式以防止数据丢失
  (编译源文件“CameraFeature.cpp”)
  
D:\IKapLibrary\Include\IKapCDeprecated.h(682,1): warning C4819: 该文件包含不能在当前代码页(936)中表示的字符。请将该文件保存为 Unicode 格式以防止数据丢失
  (编译源文件“CameraFeature.cpp”)
  
D:\IKapLibrary\Include\IKapCDeprecated.h(1439,1): warning C4819: 该文件包含不能在当前代码页(936)中表示的字符。请将该文件保存为 Unicode 格式以防止数据丢失
  (编译源文件“CameraFeature.cpp”)
  
D:\IKapLibrary\Include\IKapCDeprecated.h(2210,1): warning C4819: 该文件包含不能在当前代码页(936)中表示的字符。请将该文件保存为 Unicode 格式以防止数据丢失
  (编译源文件“CameraFeature.cpp”)
  
D:\IKapLibrary\Include\IKapC.h(780,1): warning C4819: 该文件包含不能在当前代码页(936)中表示的字符。请将该文件保存为 Unicode 格式以防止数据丢失
  (编译源文件“CameraFeature.cpp”)
  
D:\IKapLibrary\Include\IKapC.h(1616,1): warning C4819: 该文件包含不能在当前代码页(936)中表示的字符。请将该文件保存为 Unicode 格式以防止数据丢失
  (编译源文件“CameraFeature.cpp”)
  
D:\IKapLibrary\Include\IKapC.h(2342,1): warning C4819: 该文件包含不能在当前代码页(936)中表示的字符。请将该文件保存为 Unicode 格式以防止数据丢失
  (编译源文件“CameraFeature.cpp”)
  
D:\IKapLibrary\Include\IKapC.h(3035,1): warning C4819: 该文件包含不能在当前代码页(936)中表示的字符。请将该文件保存为 Unicode 格式以防止数据丢失
  (编译源文件“CameraFeature.cpp”)
  
D:\IKapLibrary\Include\IKapC.h(3832,1): warning C4819: 该文件包含不能在当前代码页(936)中表示的字符。请将该文件保存为 Unicode 格式以防止数据丢失
  (编译源文件“CameraFeature.cpp”)
  
D:\IKapLibrary\Examples\C\CameraFeature\CameraFeature.cpp(279,12): warning C4477: “printf”: 格式字符串“%d”需要类型“int”的参数，但可变参数 1 拥有了类型“int64_t *”
D:\IKapLibrary\Examples\C\CameraFeature\CameraFeature.cpp(279,12): warning C4313: "printf": 格式字符串中的 "%d" 与类型为 "int64_t *" 的参数 1 冲突
  CameraFeature.vcxproj -> D:\IKapLibrary\Examples\C\x64\Debug\CameraFeature.exe
